2026-04-16 14:33:30 [INFO    ] root                           — Logging started → C:\Users\12034\OneDrive\Desktop\Kamikin (Video Game Project)\logs\kamikin_20260416_143330.log
2026-04-16 14:33:30 [INFO    ] __main__                       — Kamikin Wilderness Mode starting (dev=False)
2026-04-16 14:33:30 [DEBUG   ] wilderness.save_manager        — Account loaded: C:\Users\12034\OneDrive\Desktop\Kamikin (Video Game Project)\account.json (runs=2 best_stage=1 active_run=False)
2026-04-16 14:33:35 [INFO    ] wilderness.run_manager         — Run started: starter=Solaire Lv5 dev_mode=False
2026-04-16 14:33:35 [DEBUG   ] wilderness.save_manager        — Account saved: C:\Users\12034\OneDrive\Desktop\Kamikin (Video Game Project)\account.json (active_run=True, total_runs=2)
2026-04-16 14:33:35 [DEBUG   ] wilderness.run_manager         — Autosave: stage=1 node=1 hp=['34/34']
2026-04-16 14:33:35 [DEBUG   ] wilderness.run_manager         — Map node: stage=1 type=battle realm=Spirit id=1
2026-04-16 14:33:35 [DEBUG   ] wilderness.enemy_gen           — Generating encounter: realm=Spirit, team_size=1, level_range=[1, 3], pool=7 champions
2026-04-16 14:33:35 [DEBUG   ] wilderness.enemy_gen           —   Enemy: Myrabyte  lv3
2026-04-16 14:33:35 [INFO    ] wilderness.run_manager         — Normal battle: stage=1 realm=Spirit enemy=Myrabyte Lv3
2026-04-16 14:33:35 [INFO    ] battle_engine                  — Battle start: Solaire Lv5 (HP 34) vs Myrabyte Lv3 (HP 30)
2026-04-16 14:35:00 [DEBUG   ] battle_engine                  — Solaire → Myrabyte | Ember Blast | dmg=30 | type=×1.0  CRIT | Myrabyte HP: 0/30
2026-04-16 14:35:00 [INFO    ] battle_engine                  — Battle end: winner=Solaire after 1 turns | Solaire HP 34/34 | Myrabyte HP 0/30
2026-04-16 14:35:07 [INFO    ] wilderness.run_manager         — Normal battle won in 1 turns | perm_coins +1 | party HP: ['34/34']
2026-04-16 14:35:07 [INFO    ] wilderness.run_manager         — Level-up: Solaire → Lv6 (max HP 41)
2026-04-16 14:36:24 [DEBUG   ] wilderness.save_manager        — Account saved: C:\Users\12034\OneDrive\Desktop\Kamikin (Video Game Project)\account.json (active_run=True, total_runs=2)
2026-04-16 14:36:24 [DEBUG   ] wilderness.run_manager         — Autosave: stage=1 node=1 hp=['41/41']
2026-04-16 14:36:24 [ERROR   ] wilderness.save_manager        — Failed to save account to C:\Users\12034\OneDrive\Desktop\Kamikin (Video Game Project)\account.json
Traceback (most recent call last):
  File "C:\Users\12034\OneDrive\Desktop\Kamikin (Video Game Project)\wilderness\save_manager.py", line 266, in save_account
    os.replace(tmp, path)   # atomic on POSIX; best-effort on Windows
    ~~~~~~~~~~^^^^^^^^^^^
PermissionError: [WinError 5] Access is denied: 'C:\\Users\\12034\\OneDrive\\Desktop\\Kamikin (Video Game Project)\\account.json.tmp' -> 'C:\\Users\\12034\\OneDrive\\Desktop\\Kamikin (Video Game Project)\\account.json'
2026-04-16 14:36:24 [ERROR   ] wilderness.run_manager         — Autosave failed — game state NOT persisted
Traceback (most recent call last):
  File "C:\Users\12034\OneDrive\Desktop\Kamikin (Video Game Project)\wilderness\run_manager.py", line 568, in _autosave
    save_account(account, save_dir)
    ~~~~~~~~~~~~^^^^^^^^^^^^^^^^^^^
  File "C:\Users\12034\OneDrive\Desktop\Kamikin (Video Game Project)\wilderness\save_manager.py", line 266, in save_account
    os.replace(tmp, path)   # atomic on POSIX; best-effort on Windows
    ~~~~~~~~~~^^^^^^^^^^^
PermissionError: [WinError 5] Access is denied: 'C:\\Users\\12034\\OneDrive\\Desktop\\Kamikin (Video Game Project)\\account.json.tmp' -> 'C:\\Users\\12034\\OneDrive\\Desktop\\Kamikin (Video Game Project)\\account.json'
2026-04-16 14:36:24 [DEBUG   ] wilderness.run_manager         — Map node: stage=1 type=battle realm=Spirit id=2
2026-04-16 14:36:24 [DEBUG   ] wilderness.enemy_gen           — Generating encounter: realm=Spirit, team_size=1, level_range=[2, 4], pool=7 champions
2026-04-16 14:36:24 [DEBUG   ] wilderness.enemy_gen           —   Enemy: Mourin  lv2
2026-04-16 14:36:24 [INFO    ] wilderness.run_manager         — Normal battle: stage=1 realm=Spirit enemy=Mourin Lv2
2026-04-16 14:36:24 [INFO    ] battle_engine                  — Battle start: Solaire Lv6 (HP 41) vs Mourin Lv2 (HP 20)
2026-04-16 14:36:27 [DEBUG   ] battle_engine                  — Solaire → Mourin | Ember Blast | dmg=19 | type=×0.5 | Mourin HP: 1/20
2026-04-16 14:36:27 [DEBUG   ] battle_engine                  — Mourin → Solaire | Specter Blast | dmg=3 | type=×1.0 | Solaire HP: 38/41
2026-04-16 14:36:29 [DEBUG   ] battle_engine                  — Solaire → Mourin | Ember Blast | dmg=1 | type=×0.5 | Mourin HP: 0/20
2026-04-16 14:36:29 [INFO    ] battle_engine                  — Battle end: winner=Solaire after 2 turns | Solaire HP 38/41 | Mourin HP 0/20
2026-04-16 14:36:30 [INFO    ] wilderness.run_manager         — Normal battle won in 2 turns | perm_coins +1 | party HP: ['38/41']
2026-04-16 14:36:30 [INFO    ] wilderness.run_manager         — Level-up: Solaire → Lv7 (max HP 48)
2026-04-16 14:36:50 [DEBUG   ] wilderness.save_manager        — Account saved: C:\Users\12034\OneDrive\Desktop\Kamikin (Video Game Project)\account.json (active_run=True, total_runs=2)
2026-04-16 14:36:50 [DEBUG   ] wilderness.run_manager         — Autosave: stage=1 node=2 hp=['44/48']
2026-04-16 14:36:50 [ERROR   ] wilderness.save_manager        — Failed to save account to C:\Users\12034\OneDrive\Desktop\Kamikin (Video Game Project)\account.json
Traceback (most recent call last):
  File "C:\Users\12034\OneDrive\Desktop\Kamikin (Video Game Project)\wilderness\save_manager.py", line 266, in save_account
    os.replace(tmp, path)   # atomic on POSIX; best-effort on Windows
    ~~~~~~~~~~^^^^^^^^^^^
PermissionError: [WinError 5] Access is denied: 'C:\\Users\\12034\\OneDrive\\Desktop\\Kamikin (Video Game Project)\\account.json.tmp' -> 'C:\\Users\\12034\\OneDrive\\Desktop\\Kamikin (Video Game Project)\\account.json'
2026-04-16 14:36:50 [ERROR   ] wilderness.run_manager         — Autosave failed — game state NOT persisted
Traceback (most recent call last):
  File "C:\Users\12034\OneDrive\Desktop\Kamikin (Video Game Project)\wilderness\run_manager.py", line 568, in _autosave
    save_account(account, save_dir)
    ~~~~~~~~~~~~^^^^^^^^^^^^^^^^^^^
  File "C:\Users\12034\OneDrive\Desktop\Kamikin (Video Game Project)\wilderness\save_manager.py", line 266, in save_account
    os.replace(tmp, path)   # atomic on POSIX; best-effort on Windows
    ~~~~~~~~~~^^^^^^^^^^^
PermissionError: [WinError 5] Access is denied: 'C:\\Users\\12034\\OneDrive\\Desktop\\Kamikin (Video Game Project)\\account.json.tmp' -> 'C:\\Users\\12034\\OneDrive\\Desktop\\Kamikin (Video Game Project)\\account.json'
2026-04-16 14:36:50 [DEBUG   ] wilderness.run_manager         — Map node: stage=1 type=battle realm=Spirit id=3
2026-04-16 14:36:50 [DEBUG   ] wilderness.enemy_gen           — Generating encounter: realm=Spirit, team_size=1, level_range=[3, 5], pool=7 champions
2026-04-16 14:36:50 [DEBUG   ] wilderness.enemy_gen           —   Enemy: Miravi  lv4
2026-04-16 14:36:50 [INFO    ] wilderness.run_manager         — Normal battle: stage=1 realm=Spirit enemy=Miravi Lv4
2026-04-16 14:36:50 [INFO    ] battle_engine                  — Battle start: Solaire Lv7 (HP 44) vs Miravi Lv4 (HP 40)
2026-04-16 14:36:52 [DEBUG   ] battle_engine                  — Solaire → Miravi | Ember Blast | dmg=11 | type=×0.2 | Miravi HP: 29/40
2026-04-16 14:36:52 [DEBUG   ] battle_engine                  — Miravi → Solaire | Cyclone Burst | dmg=17 | type=×2.0 | Solaire HP: 27/48
2026-04-16 14:36:55 [DEBUG   ] battle_engine                  — Solaire → Miravi | Ember Blast | dmg=11 | type=×0.2 | Miravi HP: 18/40
2026-04-16 14:36:55 [DEBUG   ] battle_engine                  — Miravi → Solaire | Cyclone Burst | dmg=18 | type=×2.0 | Solaire HP: 9/48
2026-04-16 14:37:01 [DEBUG   ] battle_engine                  — Solaire → Miravi | Ember Blast | dmg=10 | type=×0.2 | Miravi HP: 8/40
2026-04-16 14:37:01 [DEBUG   ] battle_engine                  — Miravi → Solaire | Cyclone Burst | dmg=9 | type=×2.0 | Solaire HP: 0/48
2026-04-16 14:37:01 [INFO    ] battle_engine                  — Battle end: winner=Miravi after 3 turns | Solaire HP 0/48 | Miravi HP 8/40
2026-04-16 14:37:04 [INFO    ] wilderness.run_manager         — Normal battle lost | party HP: ['0/48']
2026-04-16 14:37:04 [DEBUG   ] wilderness.save_manager        — Account saved: C:\Users\12034\OneDrive\Desktop\Kamikin (Video Game Project)\account.json (active_run=True, total_runs=2)
2026-04-16 14:37:04 [DEBUG   ] wilderness.run_manager         — Autosave: stage=1 node=3 hp=['0/48']
2026-04-16 14:37:04 [INFO    ] wilderness.run_manager         — Run ended: stages_won=0 defeated=True currency=48 party=[Solaire Lv7 0/48HP]
2026-04-16 14:37:04 [INFO    ] wilderness.run_manager         — Perm currency awarded: +2 → total 2
2026-04-16 14:37:04 [DEBUG   ] wilderness.save_manager        — Account saved: C:\Users\12034\OneDrive\Desktop\Kamikin (Video Game Project)\account.json (active_run=False, total_runs=3)
2026-04-16 14:37:06 [INFO    ] __main__                       — Kamikin Wilderness Mode exiting normally
