2026-04-20 12:35:01 [INFO    ] root                           — Logging started → C:\Users\12034\OneDrive\Desktop\Kamikin (Video Game Project)\logs\kamikin_20260420_123501.log
2026-04-20 12:35:01 [INFO    ] __main__                       — Kamikin Wilderness Mode starting (dev=False)
2026-04-20 12:35:01 [DEBUG   ] wilderness.save_manager        — No account file at C:\Users\12034\OneDrive\Desktop\Kamikin (Video Game Project)\account.json — new player
2026-04-20 12:35:04 [DEBUG   ] wilderness.save_manager        — No account file at C:\Users\12034\OneDrive\Desktop\Kamikin (Video Game Project)\account.json — new player
2026-04-20 12:35:04 [INFO    ] wilderness.save_manager        — New account created (no initial unlocks — awaiting starter ceremony)
2026-04-20 12:35:33 [DEBUG   ] wilderness.save_manager        — Account saved: C:\Users\12034\OneDrive\Desktop\Kamikin (Video Game Project)\account.json (active_run=False, total_runs=0)
2026-04-20 12:35:43 [INFO    ] wilderness.run_manager         — Run started: starter=Glacyn Lv5 dev_mode=False
2026-04-20 12:35:43 [DEBUG   ] wilderness.save_manager        — Account saved: C:\Users\12034\OneDrive\Desktop\Kamikin (Video Game Project)\account.json (active_run=True, total_runs=0)
2026-04-20 12:35:43 [DEBUG   ] wilderness.run_manager         — Autosave: stage=1 node=1 hp=['47/47']
2026-04-20 12:35:43 [DEBUG   ] wilderness.run_manager         — Map node: stage=1 type=battle realm=Volt/Cyber id=1
2026-04-20 12:35:43 [DEBUG   ] wilderness.enemy_gen           — Generating encounter: realm=Volt/Cyber, team_size=1, level_range=[1, 3], pool=14 champions
2026-04-20 12:35:43 [DEBUG   ] wilderness.enemy_gen           —   Enemy: Neorift  lv3
2026-04-20 12:35:43 [INFO    ] wilderness.run_manager         — Normal battle: stage=1 realm=Volt/Cyber enemy=Neorift Lv3
2026-04-20 12:35:43 [INFO    ] battle_engine                  — Battle start: Glacyn Lv5 (HP 47) vs Neorift Lv3 (HP 30)
2026-04-20 12:36:12 [DEBUG   ] battle_engine                  — Glacyn → Neorift | Strike | dmg=4 | type=×1.0 | Neorift HP: 26/30
2026-04-20 12:36:12 [DEBUG   ] battle_engine                  — Neorift → Glacyn | Pixel Punch | dmg=1 | type=×1.0 | Glacyn HP: 46/47
2026-04-20 12:36:16 [DEBUG   ] battle_engine                  — Glacyn → Neorift | Frost Mote | dmg=17 | type=×1.0  CRIT | Neorift HP: 9/30
2026-04-20 12:36:16 [DEBUG   ] battle_engine                  — Neorift → Glacyn | Pixel Punch | dmg=1 | type=×1.0 | Glacyn HP: 45/47
2026-04-20 12:36:20 [DEBUG   ] battle_engine                  — Glacyn → Neorift | Frost Mote | dmg=9 | type=×1.0 | Neorift HP: 0/30
2026-04-20 12:36:20 [INFO    ] battle_engine                  — Battle end: winner=Glacyn after 3 turns | Glacyn HP 45/47 | Neorift HP 0/30
2026-04-20 12:36:20 [INFO    ] wilderness.run_manager         — Normal battle won in 3 turns | perm_coins +1 | party HP: ['45/47']
2026-04-20 12:36:20 [INFO    ] wilderness.run_manager         — Level-up: Glacyn → Lv6 (max HP 56)
2026-04-20 12:36:24 [DEBUG   ] wilderness.save_manager        — Account saved: C:\Users\12034\OneDrive\Desktop\Kamikin (Video Game Project)\account.json (active_run=True, total_runs=0)
2026-04-20 12:36:24 [DEBUG   ] wilderness.run_manager         — Autosave: stage=1 node=1 hp=['54/56']
2026-04-20 12:36:24 [DEBUG   ] wilderness.save_manager        — Account saved: C:\Users\12034\OneDrive\Desktop\Kamikin (Video Game Project)\account.json (active_run=True, total_runs=0)
2026-04-20 12:36:24 [DEBUG   ] wilderness.run_manager         — Autosave: stage=1 node=2 hp=['54/56']
2026-04-20 12:36:24 [DEBUG   ] wilderness.run_manager         — Map node: stage=1 type=battle realm=Volt/Cyber id=2
2026-04-20 12:36:24 [DEBUG   ] wilderness.enemy_gen           — Generating encounter: realm=Volt/Cyber, team_size=1, level_range=[2, 4], pool=14 champions
2026-04-20 12:36:24 [DEBUG   ] wilderness.enemy_gen           —   Enemy: Trevolt  lv3
2026-04-20 12:36:24 [INFO    ] wilderness.run_manager         — Normal battle: stage=1 realm=Volt/Cyber enemy=Trevolt Lv3
2026-04-20 12:36:24 [INFO    ] battle_engine                  — Battle start: Glacyn Lv6 (HP 54) vs Trevolt Lv3 (HP 20)
2026-04-20 12:36:25 [DEBUG   ] battle_engine                  — Glacyn → Trevolt | Frost Mote | dmg=19 | type=×1.0 | Trevolt HP: 1/20
2026-04-20 12:36:30 [DEBUG   ] battle_engine                  — Glacyn → Trevolt | Frost Mote | dmg=1 | type=×1.0 | Trevolt HP: 0/20
2026-04-20 12:36:30 [INFO    ] battle_engine                  — Battle end: winner=Glacyn after 2 turns | Glacyn HP 54/56 | Trevolt HP 0/20
2026-04-20 12:36:31 [INFO    ] wilderness.run_manager         — Normal battle won in 2 turns | perm_coins +1 | party HP: ['54/56']
2026-04-20 12:36:31 [INFO    ] wilderness.run_manager         — Level-up: Glacyn → Lv7 (max HP 65)
2026-04-20 12:36:36 [DEBUG   ] wilderness.save_manager        — Account saved: C:\Users\12034\OneDrive\Desktop\Kamikin (Video Game Project)\account.json (active_run=True, total_runs=0)
2026-04-20 12:36:36 [DEBUG   ] wilderness.run_manager         — Autosave: stage=1 node=2 hp=['63/65']
2026-04-20 12:36:36 [WARNING ] wilderness.save_manager        — save_account: os.replace() denied (attempt 1/5) — file may be locked by OneDrive or antivirus. Retrying in 150ms…
2026-04-20 12:36:36 [DEBUG   ] wilderness.save_manager        — Account saved: C:\Users\12034\OneDrive\Desktop\Kamikin (Video Game Project)\account.json (active_run=True, total_runs=0)
2026-04-20 12:36:36 [DEBUG   ] wilderness.run_manager         — Autosave: stage=1 node=3 hp=['63/65']
2026-04-20 12:36:36 [DEBUG   ] wilderness.run_manager         — Map node: stage=1 type=battle realm=Volt/Cyber id=3
2026-04-20 12:36:36 [DEBUG   ] wilderness.enemy_gen           — Generating encounter: realm=Volt/Cyber, team_size=1, level_range=[3, 5], pool=14 champions
2026-04-20 12:36:36 [DEBUG   ] wilderness.enemy_gen           —   Enemy: Axerra  lv4
2026-04-20 12:36:36 [INFO    ] wilderness.run_manager         — Normal battle: stage=1 realm=Volt/Cyber enemy=Axerra Lv4
2026-04-20 12:36:36 [INFO    ] battle_engine                  — Battle start: Glacyn Lv7 (HP 63) vs Axerra Lv4 (HP 30)
2026-04-20 12:36:38 [DEBUG   ] battle_engine                  — Glacyn → Axerra | Frost Mote | dmg=9 | type=×0.5 | Axerra HP: 21/30
2026-04-20 12:36:38 [DEBUG   ] battle_engine                  — Axerra → Glacyn | Brawl | dmg=2 | type=×1.0 | Glacyn HP: 61/66
2026-04-20 12:36:39 [DEBUG   ] battle_engine                  — Glacyn → Axerra | Frost Mote | dmg=9 | type=×0.5 | Axerra HP: 12/30
2026-04-20 12:36:39 [DEBUG   ] battle_engine                  — Axerra → Glacyn | Brawl | dmg=2 | type=×1.0 | Glacyn HP: 59/66
2026-04-20 12:36:42 [DEBUG   ] battle_engine                  — Glacyn → Axerra | Frost Mote | dmg=12 | type=×0.5  CRIT | Axerra HP: 0/30
2026-04-20 12:36:42 [INFO    ] battle_engine                  — Battle end: winner=Glacyn after 3 turns | Glacyn HP 59/66 | Axerra HP 0/30
2026-04-20 12:36:43 [INFO    ] wilderness.run_manager         — Normal battle won in 3 turns | perm_coins +1 | party HP: ['59/65']
2026-04-20 12:36:43 [INFO    ] wilderness.run_manager         — Level-up: Glacyn → Lv8 (max HP 75)
2026-04-20 12:36:46 [DEBUG   ] wilderness.save_manager        — Account saved: C:\Users\12034\OneDrive\Desktop\Kamikin (Video Game Project)\account.json (active_run=True, total_runs=0)
2026-04-20 12:36:46 [DEBUG   ] wilderness.run_manager         — Autosave: stage=1 node=3 hp=['68/75']
2026-04-20 12:36:46 [WARNING ] wilderness.save_manager        — save_account: os.replace() denied (attempt 1/5) — file may be locked by OneDrive or antivirus. Retrying in 150ms…
2026-04-20 12:36:46 [DEBUG   ] wilderness.save_manager        — Account saved: C:\Users\12034\OneDrive\Desktop\Kamikin (Video Game Project)\account.json (active_run=True, total_runs=0)
2026-04-20 12:36:46 [DEBUG   ] wilderness.run_manager         — Autosave: stage=1 node=4 hp=['68/75']
2026-04-20 12:36:46 [DEBUG   ] wilderness.run_manager         — Map node: stage=1 type=battle realm=Volt/Cyber id=4
2026-04-20 12:36:46 [DEBUG   ] wilderness.enemy_gen           — Generating encounter: realm=Volt/Cyber, team_size=1, level_range=[4, 6], pool=14 champions
2026-04-20 12:36:46 [DEBUG   ] wilderness.enemy_gen           —   Enemy: Hexel  lv6
2026-04-20 12:36:46 [INFO    ] wilderness.run_manager         — Normal battle: stage=1 realm=Volt/Cyber enemy=Hexel Lv6
2026-04-20 12:36:46 [INFO    ] battle_engine                  — Battle start: Glacyn Lv8 (HP 68) vs Hexel Lv6 (HP 60)
2026-04-20 12:36:47 [DEBUG   ] battle_engine                  — Glacyn → Hexel | Frost Mote | dmg=30 | type=×2.0 | Hexel HP: 30/60
2026-04-20 12:36:47 [DEBUG   ] battle_engine                  — Hexel → Glacyn | Pixel Punch | dmg=5 | type=×1.0 | Glacyn HP: 63/74
2026-04-20 12:36:48 [DEBUG   ] battle_engine                  — Glacyn → Hexel | Frost Mote | dmg=29 | type=×2.0 | Hexel HP: 1/60
2026-04-20 12:36:48 [DEBUG   ] battle_engine                  — Hexel → Glacyn | Pixel Punch | dmg=5 | type=×1.0 | Glacyn HP: 58/74
2026-04-20 12:37:02 [DEBUG   ] battle_engine                  — Glacyn → Hexel | Frost Mote | dmg=1 | type=×2.0 | Hexel HP: 0/60
2026-04-20 12:37:02 [INFO    ] battle_engine                  — Battle end: winner=Glacyn after 3 turns | Glacyn HP 58/74 | Hexel HP 0/60
2026-04-20 12:37:03 [INFO    ] wilderness.run_manager         — Normal battle won in 3 turns | perm_coins +1 | party HP: ['58/75']
2026-04-20 12:37:03 [INFO    ] wilderness.run_manager         — Level-up: Glacyn → Lv9 (max HP 84)
2026-04-20 12:37:27 [DEBUG   ] wilderness.save_manager        — Account saved: C:\Users\12034\OneDrive\Desktop\Kamikin (Video Game Project)\account.json (active_run=True, total_runs=0)
2026-04-20 12:37:27 [DEBUG   ] wilderness.run_manager         — Autosave: stage=1 node=4 hp=['65/84']
2026-04-20 12:37:27 [WARNING ] wilderness.save_manager        — save_account: os.replace() denied (attempt 1/5) — file may be locked by OneDrive or antivirus. Retrying in 150ms…
2026-04-20 12:37:27 [DEBUG   ] wilderness.save_manager        — Account saved: C:\Users\12034\OneDrive\Desktop\Kamikin (Video Game Project)\account.json (active_run=True, total_runs=0)
2026-04-20 12:37:27 [DEBUG   ] wilderness.run_manager         — Autosave: stage=1 node=5 hp=['65/84']
2026-04-20 12:37:27 [DEBUG   ] wilderness.run_manager         — Map node: stage=1 type=battle realm=Volt/Cyber id=5
2026-04-20 12:37:27 [DEBUG   ] wilderness.enemy_gen           — Generating encounter: realm=Volt/Cyber, team_size=1, level_range=[5, 7], pool=14 champions
2026-04-20 12:37:27 [DEBUG   ] wilderness.enemy_gen           —   Enemy: Thryxa  lv6
2026-04-20 12:37:27 [INFO    ] wilderness.run_manager         — Normal battle: stage=1 realm=Volt/Cyber enemy=Thryxa Lv6
2026-04-20 12:37:27 [INFO    ] battle_engine                  — Battle start: Glacyn Lv9 (HP 65) vs Thryxa Lv6 (HP 40)
2026-04-20 12:37:33 [DEBUG   ] battle_engine                  — Glacyn → Thryxa | Frost Mote | dmg=9 | type=×0.5 | Thryxa HP: 31/40
2026-04-20 12:37:37 [DEBUG   ] battle_engine                  — Thryxa → Glacyn | Static Tap | dmg=2 | type=×0.5 | Glacyn HP: 63/84
2026-04-20 12:37:38 [DEBUG   ] battle_engine                  — Thryxa → Glacyn | Static Tap | dmg=2 | type=×0.5 | Glacyn HP: 61/84
2026-04-20 12:37:38 [DEBUG   ] battle_engine                  — Glacyn → Thryxa | Frost Mote | dmg=9 | type=×0.5 | Thryxa HP: 22/40
2026-04-20 12:37:38 [DEBUG   ] battle_engine                  — Thryxa → Glacyn | Static Tap | dmg=2 | type=×0.5 | Glacyn HP: 59/84
2026-04-20 12:37:38 [DEBUG   ] battle_engine                  — Glacyn → Thryxa | Frost Mote | dmg=9 | type=×0.5 | Thryxa HP: 13/40
2026-04-20 12:37:40 [DEBUG   ] battle_engine                  — Thryxa → Glacyn | Static Tap | dmg=2 | type=×0.5 | Glacyn HP: 57/84
2026-04-20 12:37:40 [DEBUG   ] battle_engine                  — Thryxa → Glacyn | Static Tap | dmg=2 | type=×0.5 | Glacyn HP: 55/84
2026-04-20 12:37:40 [DEBUG   ] battle_engine                  — Glacyn → Thryxa | Frost Mote | dmg=9 | type=×0.5 | Thryxa HP: 4/40
2026-04-20 12:37:41 [DEBUG   ] battle_engine                  — Thryxa → Glacyn | Static Tap | dmg=2 | type=×0.5 | Glacyn HP: 53/84
2026-04-20 12:37:43 [DEBUG   ] battle_engine                  — Thryxa → Glacyn | Static Tap | dmg=2 | type=×0.5 | Glacyn HP: 51/84
2026-04-20 12:37:43 [DEBUG   ] battle_engine                  — Glacyn → Thryxa | Frost Mote | dmg=4 | type=×0.5 | Thryxa HP: 0/40
2026-04-20 12:37:43 [INFO    ] battle_engine                  — Battle end: winner=Glacyn after 8 turns | Glacyn HP 51/84 | Thryxa HP 0/40
2026-04-20 12:37:44 [INFO    ] wilderness.run_manager         — Normal battle won in 8 turns | perm_coins +1 | party HP: ['51/84']
2026-04-20 12:37:44 [INFO    ] wilderness.run_manager         — Level-up: Glacyn → Lv10 (max HP 94)
2026-04-20 12:38:02 [DEBUG   ] wilderness.save_manager        — Account saved: C:\Users\12034\OneDrive\Desktop\Kamikin (Video Game Project)\account.json (active_run=True, total_runs=0)
2026-04-20 12:38:02 [DEBUG   ] wilderness.run_manager         — Autosave: stage=1 node=5 hp=['94/94']
2026-04-20 12:38:02 [WARNING ] wilderness.save_manager        — save_account: os.replace() denied (attempt 1/5) — file may be locked by OneDrive or antivirus. Retrying in 150ms…
2026-04-20 12:38:02 [DEBUG   ] wilderness.save_manager        — Account saved: C:\Users\12034\OneDrive\Desktop\Kamikin (Video Game Project)\account.json (active_run=True, total_runs=0)
2026-04-20 12:38:02 [DEBUG   ] wilderness.run_manager         — Autosave: stage=1 node=6 hp=['94/94']
2026-04-20 12:38:02 [DEBUG   ] wilderness.run_manager         — Map node: stage=1 type=elite realm=Volt/Cyber id=6
2026-04-20 12:38:02 [DEBUG   ] wilderness.enemy_gen           — Generating encounter: realm=Volt/Cyber, team_size=2, level_range=[7, 9], pool=14 champions
2026-04-20 12:38:02 [DEBUG   ] wilderness.enemy_gen           —   Enemy: Sonari  lv9
2026-04-20 12:38:02 [DEBUG   ] wilderness.enemy_gen           —   Enemy: Synkra  lv7
2026-04-20 12:38:02 [INFO    ] wilderness.run_manager         — Elite battle: stage=1 realm=Volt/Cyber enemies=[Sonari Lv9, Synkra Lv7]
2026-04-20 12:38:02 [INFO    ] battle_engine                  — Team battle start: player[Glacyn Lv10] vs ai[Sonari Lv9, Synkra Lv7]
2026-04-20 12:38:26 [DEBUG   ] battle_engine                  — Glacyn → Sonari | Frost Mote | dmg=38 | type=×2.0 | Sonari HP: 72/110
2026-04-20 12:38:26 [DEBUG   ] battle_engine                  — Sonari → Glacyn | Pixel Punch | dmg=7 | type=×1.0 | Glacyn HP: 87/94
2026-04-20 12:38:28 [DEBUG   ] battle_engine                  — Glacyn → Sonari | Frost Mote | dmg=35 | type=×2.0 | Sonari HP: 37/110
2026-04-20 12:38:28 [DEBUG   ] battle_engine                  — Sonari → Glacyn | Pixel Punch | dmg=8 | type=×1.0 | Glacyn HP: 79/94
2026-04-20 12:38:29 [DEBUG   ] battle_engine                  — Glacyn → Sonari | Frost Mote | dmg=37 | type=×2.0 | Sonari HP: 0/110
2026-04-20 12:38:32 [DEBUG   ] battle_engine                  — Glacyn → Synkra | Frost Mote | dmg=10 | type=×0.5 | Synkra HP: 50/60
2026-04-20 12:38:32 [DEBUG   ] battle_engine                  — Synkra → Glacyn | Thought Nudge | dmg=7 | type=×1.0 | Glacyn HP: 72/94
2026-04-20 12:38:33 [DEBUG   ] battle_engine                  — Glacyn → Synkra | Frost Mote | dmg=10 | type=×0.5 | Synkra HP: 40/60
2026-04-20 12:38:33 [DEBUG   ] battle_engine                  — Synkra → Glacyn | Thought Nudge | dmg=7 | type=×1.0 | Glacyn HP: 65/94
2026-04-20 12:38:33 [DEBUG   ] battle_engine                  — Glacyn → Synkra | Frost Mote | dmg=11 | type=×0.5 | Synkra HP: 29/60
2026-04-20 12:38:33 [DEBUG   ] battle_engine                  — Synkra → Glacyn | Thought Nudge | dmg=7 | type=×1.0 | Glacyn HP: 58/94
2026-04-20 12:38:34 [DEBUG   ] battle_engine                  — Glacyn → Synkra | Frost Mote | dmg=11 | type=×0.5 | Synkra HP: 18/60
2026-04-20 12:38:34 [DEBUG   ] battle_engine                  — Synkra → Glacyn | Thought Nudge | dmg=11 | type=×1.0  CRIT | Glacyn HP: 47/94
2026-04-20 12:38:36 [DEBUG   ] battle_engine                  — Glacyn → Synkra | Frost Mote | dmg=10 | type=×0.5 | Synkra HP: 8/60
2026-04-20 12:38:36 [DEBUG   ] battle_engine                  — Synkra → Glacyn | Thought Nudge | dmg=7 | type=×1.0 | Glacyn HP: 40/94
2026-04-20 12:38:37 [DEBUG   ] battle_engine                  — Glacyn → Synkra | Frost Mote | dmg=8 | type=×0.5 | Synkra HP: 0/60
2026-04-20 12:38:37 [INFO    ] battle_engine                  — Team battle end: winner=Player | player 1 alive | opponent 0 alive | turns=9
2026-04-20 12:38:38 [INFO    ] wilderness.run_manager         — Elite battle won in 9 turns | perm_coins +2 | party HP: ['40/94']
2026-04-20 12:38:38 [INFO    ] wilderness.run_manager         — Level-up: Glacyn → Lv11 (max HP 103)
2026-04-20 12:39:54 [DEBUG   ] wilderness.save_manager        — Account saved: C:\Users\12034\OneDrive\Desktop\Kamikin (Video Game Project)\account.json (active_run=True, total_runs=0)
2026-04-20 12:39:54 [DEBUG   ] wilderness.run_manager         — Autosave: stage=1 node=6 hp=['95/103', '117/117']
2026-04-20 12:39:59 [DEBUG   ] wilderness.save_manager        — Account saved: C:\Users\12034\OneDrive\Desktop\Kamikin (Video Game Project)\account.json (active_run=True, total_runs=0)
2026-04-20 12:39:59 [DEBUG   ] wilderness.run_manager         — Autosave: stage=2 node=13 hp=['95/103', '117/117']
2026-04-20 12:39:59 [DEBUG   ] wilderness.run_manager         — Map node: stage=2 type=battle realm=Mythos id=13
2026-04-20 12:39:59 [DEBUG   ] wilderness.enemy_gen           — Generating encounter: realm=Mythos, team_size=1, level_range=[7, 9], pool=4 champions
2026-04-20 12:39:59 [DEBUG   ] wilderness.enemy_gen           —   Enemy: Mylaren  lv7
2026-04-20 12:39:59 [INFO    ] wilderness.run_manager         — Normal battle: stage=2 realm=Mythos enemy=Mylaren Lv7
2026-04-20 12:39:59 [INFO    ] battle_engine                  — Team battle start: player[Glacyn Lv11, Sonari Lv9] vs ai[Mylaren Lv7]
2026-04-20 12:40:08 [DEBUG   ] battle_engine                  — Glacyn → Mylaren | Frost Mote | dmg=29 | type=×1.0 | Mylaren HP: 41/70
2026-04-20 12:40:08 [DEBUG   ] battle_engine                  — Mylaren → Glacyn | Rune Tap | dmg=5 | type=×1.0 | Glacyn HP: 90/103
2026-04-20 12:40:09 [DEBUG   ] battle_engine                  — Glacyn → Mylaren | Frost Mote | dmg=27 | type=×1.0 | Mylaren HP: 14/70
2026-04-20 12:40:09 [DEBUG   ] battle_engine                  — Mylaren → Glacyn | Rune Tap | dmg=5 | type=×1.0 | Glacyn HP: 85/103
2026-04-20 12:40:11 [DEBUG   ] battle_engine                  — Glacyn → Mylaren | Frost Mote | dmg=14 | type=×1.0 | Mylaren HP: 0/70
2026-04-20 12:40:11 [INFO    ] battle_engine                  — Team battle end: winner=Player | player 2 alive | opponent 0 alive | turns=3
2026-04-20 12:40:12 [INFO    ] wilderness.run_manager         — Normal battle won in 3 turns | perm_coins +2 | party HP: ['85/103', '117/117']
2026-04-20 12:40:12 [INFO    ] wilderness.run_manager         — Level-up: Glacyn → Lv12 (max HP 112)
2026-04-20 12:40:12 [INFO    ] wilderness.run_manager         — Level-up: Sonari → Lv10 (max HP 130)
2026-04-20 12:42:02 [DEBUG   ] wilderness.save_manager        — Account saved: C:\Users\12034\OneDrive\Desktop\Kamikin (Video Game Project)\account.json (active_run=True, total_runs=0)
2026-04-20 12:42:02 [DEBUG   ] wilderness.run_manager         — Autosave: stage=2 node=13 hp=['92/112', '130/130']
2026-04-20 12:42:02 [DEBUG   ] wilderness.save_manager        — Account saved: C:\Users\12034\OneDrive\Desktop\Kamikin (Video Game Project)\account.json (active_run=True, total_runs=0)
2026-04-20 12:42:02 [DEBUG   ] wilderness.run_manager         — Autosave: stage=2 node=14 hp=['92/112', '130/130']
2026-04-20 12:42:02 [DEBUG   ] wilderness.run_manager         — Map node: stage=2 type=battle realm=Mythos id=14
2026-04-20 12:42:02 [DEBUG   ] wilderness.enemy_gen           — Generating encounter: realm=Mythos, team_size=1, level_range=[8, 10], pool=4 champions
2026-04-20 12:42:02 [DEBUG   ] wilderness.enemy_gen           —   Enemy: Rokhara  lv10
2026-04-20 12:42:02 [INFO    ] wilderness.run_manager         — Normal battle: stage=2 realm=Mythos enemy=Rokhara Lv10
2026-04-20 12:42:02 [INFO    ] battle_engine                  — Team battle start: player[Glacyn Lv12, Sonari Lv10] vs ai[Rokhara Lv10]
2026-04-20 12:42:08 [DEBUG   ] battle_engine                  — Glacyn → Rokhara | Frost Mote | dmg=5 | type=×0.2 | Rokhara HP: 85/90
2026-04-20 12:42:08 [DEBUG   ] battle_engine                  — Rokhara → Glacyn | Rune Tap | dmg=13 | type=×1.0 | Glacyn HP: 79/113
2026-04-20 12:42:25 [DEBUG   ] battle_engine                  — Sonari → Rokhara | Pixel Punch | dmg=33 | type=×2.0  CRIT | Rokhara HP: 52/90
2026-04-20 12:42:25 [DEBUG   ] battle_engine                  — Rokhara → Sonari | Gravel Toss | dmg=13 | type=×1.0 | Sonari HP: 117/130
2026-04-20 12:42:26 [DEBUG   ] battle_engine                  — Sonari → Rokhara | Pixel Punch | dmg=21 | type=×2.0 | Rokhara HP: 31/90
2026-04-20 12:42:26 [DEBUG   ] battle_engine                  — Rokhara → Sonari | Gravel Toss | dmg=13 | type=×1.0 | Sonari HP: 104/130
2026-04-20 12:42:27 [DEBUG   ] battle_engine                  — Sonari → Rokhara | Pixel Punch | dmg=21 | type=×2.0 | Rokhara HP: 10/90
2026-04-20 12:42:27 [DEBUG   ] battle_engine                  — Rokhara → Sonari | Gravel Toss | dmg=14 | type=×1.0 | Sonari HP: 90/130
2026-04-20 12:42:28 [DEBUG   ] battle_engine                  — Sonari → Rokhara | Pixel Punch | dmg=10 | type=×2.0 | Rokhara HP: 0/90
2026-04-20 12:42:28 [INFO    ] battle_engine                  — Team battle end: winner=Player | player 2 alive | opponent 0 alive | turns=6
2026-04-20 12:42:29 [INFO    ] wilderness.run_manager         — Normal battle won in 6 turns | perm_coins +2 | party HP: ['79/112', '90/130']
2026-04-20 12:42:29 [INFO    ] wilderness.run_manager         — Level-up: Glacyn → Lv13 (max HP 122)
2026-04-20 12:42:29 [INFO    ] wilderness.run_manager         — Level-up: Sonari → Lv11 (max HP 143)
2026-04-20 12:42:33 [DEBUG   ] wilderness.save_manager        — Account saved: C:\Users\12034\OneDrive\Desktop\Kamikin (Video Game Project)\account.json (active_run=True, total_runs=0)
2026-04-20 12:42:33 [DEBUG   ] wilderness.run_manager         — Autosave: stage=2 node=14 hp=['86/122', '99/143']
2026-04-20 12:42:33 [WARNING ] wilderness.save_manager        — save_account: os.replace() denied (attempt 1/5) — file may be locked by OneDrive or antivirus. Retrying in 150ms…
2026-04-20 12:42:33 [DEBUG   ] wilderness.save_manager        — Account saved: C:\Users\12034\OneDrive\Desktop\Kamikin (Video Game Project)\account.json (active_run=True, total_runs=0)
2026-04-20 12:42:33 [DEBUG   ] wilderness.run_manager         — Autosave: stage=2 node=15 hp=['86/122', '99/143']
2026-04-20 12:42:33 [DEBUG   ] wilderness.run_manager         — Map node: stage=2 type=battle realm=Mythos id=15
2026-04-20 12:42:33 [DEBUG   ] wilderness.enemy_gen           — Generating encounter: realm=Mythos, team_size=1, level_range=[9, 11], pool=4 champions
2026-04-20 12:42:33 [DEBUG   ] wilderness.enemy_gen           —   Enemy: Rokhara  lv11
2026-04-20 12:42:33 [INFO    ] wilderness.run_manager         — Normal battle: stage=2 realm=Mythos enemy=Rokhara Lv11
2026-04-20 12:42:33 [INFO    ] battle_engine                  — Team battle start: player[Glacyn Lv13, Sonari Lv11] vs ai[Rokhara Lv11]
2026-04-20 12:42:44 [DEBUG   ] battle_engine                  — Rokhara → Sonari | Gravel Toss | dmg=15 | type=×1.0 | Sonari HP: 84/142
2026-04-20 12:42:46 [DEBUG   ] battle_engine                  — Sonari → Rokhara | Pixel Punch | dmg=26 | type=×2.0 | Rokhara HP: 74/100
2026-04-20 12:42:46 [DEBUG   ] battle_engine                  — Rokhara → Sonari | Gravel Toss | dmg=22 | type=×1.0  CRIT | Sonari HP: 62/142
2026-04-20 12:42:46 [DEBUG   ] battle_engine                  — Sonari → Rokhara | Pixel Punch | dmg=24 | type=×2.0 | Rokhara HP: 50/100
2026-04-20 12:42:46 [DEBUG   ] battle_engine                  — Rokhara → Sonari | Gravel Toss | dmg=15 | type=×1.0 | Sonari HP: 47/142
2026-04-20 12:42:47 [DEBUG   ] battle_engine                  — Sonari → Rokhara | Pixel Punch | dmg=25 | type=×2.0 | Rokhara HP: 25/100
2026-04-20 12:42:48 [DEBUG   ] battle_engine                  — Sonari → Rokhara | Pixel Punch | dmg=25 | type=×2.0 | Rokhara HP: 0/100
2026-04-20 12:42:48 [INFO    ] battle_engine                  — Team battle end: winner=Player | player 2 alive | opponent 0 alive | turns=6
2026-04-20 12:42:50 [INFO    ] wilderness.run_manager         — Normal battle won in 6 turns | perm_coins +2 | party HP: ['86/122', '47/143']
2026-04-20 12:42:50 [INFO    ] wilderness.run_manager         — Level-up: Glacyn → Lv14 (max HP 131)
2026-04-20 12:42:50 [INFO    ] wilderness.run_manager         — Level-up: Sonari → Lv12 (max HP 156)
2026-04-20 12:43:02 [DEBUG   ] wilderness.save_manager        — Account saved: C:\Users\12034\OneDrive\Desktop\Kamikin (Video Game Project)\account.json (active_run=True, total_runs=0)
2026-04-20 12:43:02 [DEBUG   ] wilderness.run_manager         — Autosave: stage=2 node=15 hp=['113/156', '92/131']
2026-04-20 12:43:02 [WARNING ] wilderness.save_manager        — save_account: os.replace() denied (attempt 1/5) — file may be locked by OneDrive or antivirus. Retrying in 150ms…
2026-04-20 12:43:02 [DEBUG   ] wilderness.save_manager        — Account saved: C:\Users\12034\OneDrive\Desktop\Kamikin (Video Game Project)\account.json (active_run=True, total_runs=0)
2026-04-20 12:43:02 [DEBUG   ] wilderness.run_manager         — Autosave: stage=2 node=16 hp=['113/156', '92/131']
2026-04-20 12:43:02 [DEBUG   ] wilderness.run_manager         — Map node: stage=2 type=battle realm=Mythos id=16
2026-04-20 12:43:02 [DEBUG   ] wilderness.enemy_gen           — Generating encounter: realm=Mythos, team_size=1, level_range=[10, 12], pool=4 champions
2026-04-20 12:43:02 [DEBUG   ] wilderness.enemy_gen           —   Enemy: Galivor  lv10
2026-04-20 12:43:02 [INFO    ] wilderness.run_manager         — Normal battle: stage=2 realm=Mythos enemy=Galivor Lv10
2026-04-20 12:43:02 [INFO    ] battle_engine                  — Team battle start: player[Sonari Lv12, Glacyn Lv14] vs ai[Galivor Lv10]
2026-04-20 12:43:05 [DEBUG   ] battle_engine                  — Sonari → Galivor | Pixel Punch | dmg=34 | type=×2.0 | Galivor HP: 26/60
2026-04-20 12:43:06 [DEBUG   ] battle_engine                  — Sonari → Galivor | Pixel Punch | dmg=26 | type=×2.0 | Galivor HP: 0/60
2026-04-20 12:43:06 [INFO    ] battle_engine                  — Team battle end: winner=Player | player 2 alive | opponent 0 alive | turns=2
2026-04-20 12:43:07 [INFO    ] wilderness.run_manager         — Normal battle won in 2 turns | perm_coins +2 | party HP: ['113/156', '92/131']
2026-04-20 12:43:07 [INFO    ] wilderness.run_manager         — Level-up: Sonari → Lv13 (max HP 169)
2026-04-20 12:43:07 [INFO    ] wilderness.run_manager         — Level-up: Glacyn → Lv15 (max HP 140)
2026-04-20 12:43:12 [DEBUG   ] wilderness.save_manager        — Account saved: C:\Users\12034\OneDrive\Desktop\Kamikin (Video Game Project)\account.json (active_run=True, total_runs=0)
2026-04-20 12:43:12 [DEBUG   ] wilderness.run_manager         — Autosave: stage=2 node=16 hp=['122/169', '98/140']
2026-04-20 12:43:12 [DEBUG   ] wilderness.save_manager        — Account saved: C:\Users\12034\OneDrive\Desktop\Kamikin (Video Game Project)\account.json (active_run=True, total_runs=0)
2026-04-20 12:43:12 [DEBUG   ] wilderness.run_manager         — Autosave: stage=2 node=17 hp=['122/169', '98/140']
2026-04-20 12:43:12 [DEBUG   ] wilderness.run_manager         — Map node: stage=2 type=battle realm=Mythos id=17
2026-04-20 12:43:12 [DEBUG   ] wilderness.enemy_gen           — Generating encounter: realm=Mythos, team_size=1, level_range=[11, 13], pool=4 champions
2026-04-20 12:43:12 [DEBUG   ] wilderness.enemy_gen           —   Enemy: Mylaren  lv13
2026-04-20 12:43:12 [INFO    ] wilderness.run_manager         — Normal battle: stage=2 realm=Mythos enemy=Mylaren Lv13
2026-04-20 12:43:12 [INFO    ] battle_engine                  — Team battle start: player[Sonari Lv13, Glacyn Lv15] vs ai[Mylaren Lv13]
2026-04-20 12:43:17 [DEBUG   ] battle_engine                  — Sonari → Mylaren | Pixel Punch | dmg=32 | type=×2.0 | Mylaren HP: 108/140
2026-04-20 12:43:17 [DEBUG   ] battle_engine                  — Mylaren → Sonari | Pollen Drift | dmg=25 | type=×2.0 | Sonari HP: 97/169
2026-04-20 12:43:18 [DEBUG   ] battle_engine                  — Sonari → Mylaren | Pixel Punch | dmg=32 | type=×2.0 | Mylaren HP: 76/140
2026-04-20 12:43:18 [DEBUG   ] battle_engine                  — Mylaren → Sonari | Pollen Drift | dmg=25 | type=×2.0 | Sonari HP: 72/169
2026-04-20 12:43:19 [DEBUG   ] battle_engine                  — Sonari → Mylaren | Pixel Punch | dmg=32 | type=×2.0 | Mylaren HP: 44/140
2026-04-20 12:43:19 [DEBUG   ] battle_engine                  — Mylaren → Sonari | Pollen Drift | dmg=23 | type=×2.0 | Sonari HP: 49/169
2026-04-20 12:43:20 [DEBUG   ] battle_engine                  — Sonari → Mylaren | Pixel Punch | dmg=36 | type=×2.0 | Mylaren HP: 8/140
2026-04-20 12:43:20 [DEBUG   ] battle_engine                  — Mylaren → Sonari | Pollen Drift | dmg=25 | type=×2.0 | Sonari HP: 24/169
2026-04-20 12:43:21 [DEBUG   ] battle_engine                  — Sonari → Mylaren | Pixel Punch | dmg=8 | type=×2.0 | Mylaren HP: 0/140
2026-04-20 12:43:21 [INFO    ] battle_engine                  — Team battle end: winner=Player | player 2 alive | opponent 0 alive | turns=5
2026-04-20 12:43:23 [INFO    ] wilderness.run_manager         — Normal battle won in 5 turns | perm_coins +2 | party HP: ['24/169', '98/140']
2026-04-20 12:43:23 [INFO    ] wilderness.run_manager         — Level-up: Sonari → Lv14 (max HP 182)
2026-04-20 12:43:23 [INFO    ] wilderness.run_manager         — Level-up: Glacyn → Lv16 (max HP 150)
2026-04-20 12:43:51 [DEBUG   ] wilderness.save_manager        — Account saved: C:\Users\12034\OneDrive\Desktop\Kamikin (Video Game Project)\account.json (active_run=True, total_runs=0)
2026-04-20 12:43:51 [DEBUG   ] wilderness.run_manager         — Autosave: stage=2 node=17 hp=['143/182', '105/150']
2026-04-20 12:43:51 [WARNING ] wilderness.save_manager        — save_account: os.replace() denied (attempt 1/5) — file may be locked by OneDrive or antivirus. Retrying in 150ms…
2026-04-20 12:43:51 [DEBUG   ] wilderness.save_manager        — Account saved: C:\Users\12034\OneDrive\Desktop\Kamikin (Video Game Project)\account.json (active_run=True, total_runs=0)
2026-04-20 12:43:51 [DEBUG   ] wilderness.run_manager         — Autosave: stage=2 node=18 hp=['143/182', '105/150']
2026-04-20 12:43:51 [DEBUG   ] wilderness.run_manager         — Map node: stage=2 type=elite realm=Mythos id=18
2026-04-20 12:43:51 [DEBUG   ] wilderness.enemy_gen           — Generating encounter: realm=Mythos, team_size=3, level_range=[13, 15], pool=4 champions
2026-04-20 12:43:51 [DEBUG   ] wilderness.enemy_gen           —   Enemy: Eldrune  lv14
2026-04-20 12:43:51 [DEBUG   ] wilderness.enemy_gen           —   Enemy: Rokhara  lv14
2026-04-20 12:43:51 [DEBUG   ] wilderness.enemy_gen           —   Enemy: Galivor  lv15
2026-04-20 12:43:51 [INFO    ] wilderness.run_manager         — Elite battle: stage=2 realm=Mythos enemies=[Eldrune Lv14, Rokhara Lv14, Galivor Lv15]
2026-04-20 12:43:51 [INFO    ] battle_engine                  — Team battle start: player[Sonari Lv14, Glacyn Lv16] vs ai[Eldrune Lv14, Rokhara Lv14, Galivor Lv15]
2026-04-20 12:43:56 [DEBUG   ] battle_engine                  — Sonari → Eldrune | Pixel Punch | dmg=42 | type=×2.0 | Eldrune HP: 98/140
2026-04-20 12:43:58 [DEBUG   ] battle_engine                  — Sonari → Eldrune | Signal Burst | dmg=34 | type=×2.0 | Eldrune HP: 64/140
2026-04-20 12:43:59 [DEBUG   ] battle_engine                  — Sonari → Eldrune | Pixel Punch | dmg=47 | type=×2.0 | Eldrune HP: 17/140
2026-04-20 12:43:59 [DEBUG   ] battle_engine                  — Sonari → Eldrune | Pixel Punch | dmg=17 | type=×2.0 | Eldrune HP: 0/140
2026-04-20 12:44:01 [DEBUG   ] battle_engine                  — Sonari → Rokhara | Pixel Punch | dmg=22 | type=×2.0 | Rokhara HP: 98/120
2026-04-20 12:44:01 [DEBUG   ] battle_engine                  — Rokhara → Sonari | Gravel Toss | dmg=20 | type=×1.0 | Sonari HP: 123/182
2026-04-20 12:44:02 [DEBUG   ] battle_engine                  — Sonari → Rokhara | Pixel Punch | dmg=20 | type=×2.0 | Rokhara HP: 78/120
2026-04-20 12:44:02 [DEBUG   ] battle_engine                  — Rokhara → Sonari | Gravel Toss | dmg=20 | type=×1.0 | Sonari HP: 103/182
2026-04-20 12:44:02 [DEBUG   ] battle_engine                  — Sonari → Rokhara | Pixel Punch | dmg=20 | type=×2.0 | Rokhara HP: 58/120
2026-04-20 12:44:02 [DEBUG   ] battle_engine                  — Rokhara → Sonari | Gravel Toss | dmg=20 | type=×1.0 | Sonari HP: 83/182
2026-04-20 12:44:05 [DEBUG   ] battle_engine                  — Sonari → Rokhara | Pixel Punch | dmg=23 | type=×2.0 | Rokhara HP: 35/120
2026-04-20 12:44:05 [DEBUG   ] battle_engine                  — Rokhara → Sonari | Gravel Toss | dmg=28 | type=×1.0  CRIT | Sonari HP: 55/182
2026-04-20 12:44:06 [DEBUG   ] battle_engine                  — Sonari → Rokhara | Pixel Punch | dmg=21 | type=×2.0 | Rokhara HP: 14/120
2026-04-20 12:44:06 [DEBUG   ] battle_engine                  — Rokhara → Sonari | Gravel Toss | dmg=19 | type=×1.0 | Sonari HP: 36/182
2026-04-20 12:44:07 [DEBUG   ] battle_engine                  — Sonari → Rokhara | Pixel Punch | dmg=14 | type=×2.0 | Rokhara HP: 0/120
2026-04-20 12:44:19 [DEBUG   ] battle_engine                  — Sonari → Galivor | Pixel Punch | dmg=23 | type=×2.0 | Galivor HP: 67/90
2026-04-20 12:44:19 [DEBUG   ] battle_engine                  — Sonari → Galivor | Pixel Punch | dmg=21 | type=×2.0 | Galivor HP: 46/90
2026-04-20 12:44:53 [DEBUG   ] battle_engine                  — Sonari → Galivor | Pixel Punch | dmg=23 | type=×2.0 | Galivor HP: 23/90
2026-04-20 12:44:54 [DEBUG   ] battle_engine                  — Sonari → Galivor | Pixel Punch | dmg=23 | type=×2.0 | Galivor HP: 0/90
2026-04-20 12:44:54 [INFO    ] battle_engine                  — Team battle end: winner=Player | player 2 alive | opponent 0 alive | turns=15
2026-04-20 12:44:55 [INFO    ] wilderness.run_manager         — Elite battle won in 15 turns | perm_coins +6 | party HP: ['172/182', '105/150']
2026-04-20 12:44:55 [INFO    ] wilderness.run_manager         — Level-up: Sonari → Lv15 (max HP 195)
2026-04-20 12:44:55 [INFO    ] wilderness.run_manager         — Level-up: Glacyn → Lv17 (max HP 159)
2026-04-20 12:45:33 [DEBUG   ] wilderness.save_manager        — Account saved: C:\Users\12034\OneDrive\Desktop\Kamikin (Video Game Project)\account.json (active_run=True, total_runs=0)
2026-04-20 12:45:33 [DEBUG   ] wilderness.run_manager         — Autosave: stage=2 node=18 hp=['184/195', '111/159', '152/152']
2026-04-20 12:45:36 [DEBUG   ] wilderness.save_manager        — Account saved: C:\Users\12034\OneDrive\Desktop\Kamikin (Video Game Project)\account.json (active_run=True, total_runs=0)
2026-04-20 12:45:36 [DEBUG   ] wilderness.run_manager         — Autosave: stage=3 node=31 hp=['184/195', '111/159', '152/152']
2026-04-20 12:45:36 [DEBUG   ] wilderness.run_manager         — Map node: stage=3 type=battle realm=Flora id=31
2026-04-20 12:45:36 [DEBUG   ] wilderness.enemy_gen           — Generating encounter: realm=Flora, team_size=1, level_range=[13, 15], pool=7 champions
2026-04-20 12:45:36 [DEBUG   ] wilderness.enemy_gen           —   Enemy: Lychbloom  lv15
2026-04-20 12:45:36 [INFO    ] wilderness.run_manager         — Normal battle: stage=3 realm=Flora enemy=Lychbloom Lv15
2026-04-20 12:45:36 [INFO    ] battle_engine                  — Team battle start: player[Sonari Lv15, Glacyn Lv17, Eldrune Lv14] vs ai[Lychbloom Lv15]
2026-04-20 12:45:43 [DEBUG   ] battle_engine                  — Sonari → Lychbloom | Pixel Punch | dmg=17 | type=×1.0 | Lychbloom HP: 153/170
2026-04-20 12:45:43 [DEBUG   ] battle_engine                  — Lychbloom → Sonari | Thorn Poke | dmg=35 | type=×2.0 | Sonari HP: 149/194
2026-04-20 12:45:52 [DEBUG   ] battle_engine                  — Lychbloom → Eldrune | Thorn Poke | dmg=25 | type=×1.0 | Eldrune HP: 127/152
2026-04-20 12:45:57 [DEBUG   ] battle_engine                  — Lychbloom → Eldrune | Thorn Poke | dmg=25 | type=×1.0 | Eldrune HP: 102/152
2026-04-20 12:45:57 [DEBUG   ] battle_engine                  — Eldrune → Lychbloom | Legend Whisper | dmg=19 | type=×1.0 | Lychbloom HP: 134/170
2026-04-20 12:46:01 [DEBUG   ] battle_engine                  — Lychbloom → Eldrune | Thorn Poke | dmg=27 | type=×1.0 | Eldrune HP: 75/152
2026-04-20 12:46:01 [DEBUG   ] battle_engine                  — Eldrune → Lychbloom | Rune Tap | dmg=13 | type=×1.0 | Lychbloom HP: 121/170
2026-04-20 12:46:02 [DEBUG   ] battle_engine                  — Lychbloom → Eldrune | Thorn Poke | dmg=25 | type=×1.0 | Eldrune HP: 50/152
2026-04-20 12:46:02 [DEBUG   ] battle_engine                  — Eldrune → Lychbloom | Legend Whisper | dmg=18 | type=×1.0 | Lychbloom HP: 103/170
2026-04-20 12:46:05 [DEBUG   ] battle_engine                  — Lychbloom → Eldrune | Thorn Poke | dmg=27 | type=×1.0 | Eldrune HP: 23/152
2026-04-20 12:46:05 [DEBUG   ] battle_engine                  — Eldrune → Lychbloom | Legend Whisper | dmg=21 | type=×1.0 | Lychbloom HP: 82/170
2026-04-20 12:46:06 [DEBUG   ] battle_engine                  — Lychbloom → Eldrune | Thorn Poke | dmg=23 | type=×1.0 | Eldrune HP: 0/152
2026-04-20 12:46:13 [DEBUG   ] battle_engine                  — Glacyn → Lychbloom | Frost Mote | dmg=59 | type=×2.0 | Lychbloom HP: 23/170
2026-04-20 12:46:13 [DEBUG   ] battle_engine                  — Lychbloom → Glacyn | Wisp Touch | dmg=19 | type=×1.0 | Glacyn HP: 92/159
2026-04-20 12:46:14 [DEBUG   ] battle_engine                  — Glacyn → Lychbloom | Frost Mote | dmg=23 | type=×2.0 | Lychbloom HP: 0/170
2026-04-20 12:46:14 [INFO    ] battle_engine                  — Team battle end: winner=Player | player 2 alive | opponent 0 alive | turns=9
2026-04-20 12:46:15 [INFO    ] wilderness.run_manager         — Normal battle won in 9 turns | perm_coins +3 | party HP: ['149/195', '92/159', '0/152']
2026-04-20 12:46:15 [INFO    ] wilderness.run_manager         — Level-up: Sonari → Lv16 (max HP 208)
2026-04-20 12:46:15 [INFO    ] wilderness.run_manager         — Level-up: Glacyn → Lv18 (max HP 168)
2026-04-20 12:46:25 [DEBUG   ] wilderness.save_manager        — Account saved: C:\Users\12034\OneDrive\Desktop\Kamikin (Video Game Project)\account.json (active_run=True, total_runs=0)
2026-04-20 12:46:25 [DEBUG   ] wilderness.run_manager         — Autosave: stage=3 node=31 hp=['164/168', '159/208', '0/152']
2026-04-20 12:46:25 [WARNING ] wilderness.save_manager        — save_account: os.replace() denied (attempt 1/5) — file may be locked by OneDrive or antivirus. Retrying in 150ms…
2026-04-20 12:46:26 [DEBUG   ] wilderness.save_manager        — Account saved: C:\Users\12034\OneDrive\Desktop\Kamikin (Video Game Project)\account.json (active_run=True, total_runs=0)
2026-04-20 12:46:26 [DEBUG   ] wilderness.run_manager         — Autosave: stage=3 node=32 hp=['164/168', '159/208', '0/152']
2026-04-20 12:46:26 [DEBUG   ] wilderness.run_manager         — Map node: stage=3 type=battle realm=Flora id=32
2026-04-20 12:46:26 [DEBUG   ] wilderness.enemy_gen           — Generating encounter: realm=Flora, team_size=1, level_range=[14, 16], pool=7 champions
2026-04-20 12:46:26 [DEBUG   ] wilderness.enemy_gen           —   Enemy: Lychbloom  lv15
2026-04-20 12:46:26 [INFO    ] wilderness.run_manager         — Normal battle: stage=3 realm=Flora enemy=Lychbloom Lv15
2026-04-20 12:46:26 [INFO    ] battle_engine                  — Team battle start: player[Glacyn Lv18, Sonari Lv16, Eldrune Lv14] vs ai[Lychbloom Lv15]
2026-04-20 12:46:27 [DEBUG   ] battle_engine                  — Glacyn → Lychbloom | Frost Mote | dmg=72 | type=×2.0 | Lychbloom HP: 98/170
2026-04-20 12:46:27 [DEBUG   ] battle_engine                  — Lychbloom → Glacyn | Wisp Touch | dmg=16 | type=×1.0 | Glacyn HP: 148/168
2026-04-20 12:46:28 [DEBUG   ] battle_engine                  — Glacyn → Lychbloom | Frost Mote | dmg=66 | type=×2.0 | Lychbloom HP: 32/170
2026-04-20 12:46:28 [DEBUG   ] battle_engine                  — Lychbloom → Glacyn | Wisp Touch | dmg=16 | type=×1.0 | Glacyn HP: 132/168
2026-04-20 12:46:28 [DEBUG   ] battle_engine                  — Glacyn → Lychbloom | Frost Mote | dmg=32 | type=×2.0 | Lychbloom HP: 0/170
2026-04-20 12:46:28 [INFO    ] battle_engine                  — Team battle end: winner=Player | player 2 alive | opponent 0 alive | turns=3
2026-04-20 12:46:29 [INFO    ] wilderness.run_manager         — Normal battle won in 3 turns | perm_coins +3 | party HP: ['132/168', '159/208', '0/152']
2026-04-20 12:46:29 [INFO    ] wilderness.run_manager         — Level-up: Glacyn → Lv19 (max HP 178)
2026-04-20 12:46:29 [INFO    ] wilderness.run_manager         — Level-up: Sonari → Lv17 (max HP 221)
2026-04-20 12:46:33 [DEBUG   ] wilderness.save_manager        — Account saved: C:\Users\12034\OneDrive\Desktop\Kamikin (Video Game Project)\account.json (active_run=True, total_runs=0)
2026-04-20 12:46:33 [DEBUG   ] wilderness.run_manager         — Autosave: stage=3 node=32 hp=['140/178', '169/221', '0/152']
2026-04-20 12:46:33 [WARNING ] wilderness.save_manager        — save_account: os.replace() denied (attempt 1/5) — file may be locked by OneDrive or antivirus. Retrying in 150ms…
2026-04-20 12:46:33 [DEBUG   ] wilderness.save_manager        — Account saved: C:\Users\12034\OneDrive\Desktop\Kamikin (Video Game Project)\account.json (active_run=True, total_runs=0)
2026-04-20 12:46:33 [DEBUG   ] wilderness.run_manager         — Autosave: stage=3 node=33 hp=['140/178', '169/221', '0/152']
2026-04-20 12:46:33 [DEBUG   ] wilderness.run_manager         — Map node: stage=3 type=battle realm=Flora id=33
2026-04-20 12:46:33 [DEBUG   ] wilderness.enemy_gen           — Generating encounter: realm=Flora, team_size=1, level_range=[15, 17], pool=7 champions
2026-04-20 12:46:33 [DEBUG   ] wilderness.enemy_gen           —   Enemy: Mylaren  lv15
2026-04-20 12:46:33 [INFO    ] wilderness.run_manager         — Normal battle: stage=3 realm=Flora enemy=Mylaren Lv15
2026-04-20 12:46:33 [INFO    ] battle_engine                  — Team battle start: player[Glacyn Lv19, Sonari Lv17, Eldrune Lv14] vs ai[Mylaren Lv15]
2026-04-20 12:46:35 [DEBUG   ] battle_engine                  — Glacyn → Mylaren | Frost Mote | dmg=38 | type=×1.0 | Mylaren HP: 122/160
2026-04-20 12:46:35 [DEBUG   ] battle_engine                  — Mylaren → Glacyn | Rune Tap | dmg=15 | type=×1.0 | Glacyn HP: 125/177
2026-04-20 12:46:36 [DEBUG   ] battle_engine                  — Glacyn → Mylaren | Frost Mote | dmg=37 | type=×1.0 | Mylaren HP: 85/160
2026-04-20 12:46:36 [DEBUG   ] battle_engine                  — Mylaren → Glacyn | Rune Tap | dmg=14 | type=×1.0 | Glacyn HP: 111/177
2026-04-20 12:46:36 [DEBUG   ] battle_engine                  — Glacyn → Mylaren | Frost Mote | dmg=40 | type=×1.0 | Mylaren HP: 45/160
2026-04-20 12:46:36 [DEBUG   ] battle_engine                  — Mylaren → Glacyn | Rune Tap | dmg=13 | type=×1.0 | Glacyn HP: 98/177
2026-04-20 12:46:37 [DEBUG   ] battle_engine                  — Glacyn → Mylaren | Frost Mote | dmg=40 | type=×1.0 | Mylaren HP: 5/160
2026-04-20 12:46:37 [DEBUG   ] battle_engine                  — Mylaren → Glacyn | Rune Tap | dmg=14 | type=×1.0 | Glacyn HP: 84/177
2026-04-20 12:46:38 [DEBUG   ] battle_engine                  — Glacyn → Mylaren | Frost Mote | dmg=5 | type=×1.0 | Mylaren HP: 0/160
2026-04-20 12:46:38 [INFO    ] battle_engine                  — Team battle end: winner=Player | player 2 alive | opponent 0 alive | turns=5
2026-04-20 12:46:39 [INFO    ] wilderness.run_manager         — Normal battle won in 5 turns | perm_coins +3 | party HP: ['84/178', '169/221', '0/152']
2026-04-20 12:46:39 [INFO    ] wilderness.run_manager         — Level-up: Glacyn → Lv20 (max HP 187)
2026-04-20 12:46:39 [INFO    ] wilderness.run_manager         — Level-up: Sonari → Lv18 (max HP 234)
2026-04-20 12:47:18 [DEBUG   ] wilderness.save_manager        — Account saved: C:\Users\12034\OneDrive\Desktop\Kamikin (Video Game Project)\account.json (active_run=True, total_runs=0)
2026-04-20 12:47:18 [DEBUG   ] wilderness.run_manager         — Autosave: stage=3 node=33 hp=['88/187', '179/234', '76/152']
2026-04-20 12:47:18 [DEBUG   ] wilderness.save_manager        — Account saved: C:\Users\12034\OneDrive\Desktop\Kamikin (Video Game Project)\account.json (active_run=True, total_runs=0)
2026-04-20 12:47:18 [DEBUG   ] wilderness.run_manager         — Autosave: stage=3 node=34 hp=['88/187', '179/234', '76/152']
2026-04-20 12:47:18 [DEBUG   ] wilderness.run_manager         — Map node: stage=3 type=battle realm=Flora id=34
2026-04-20 12:47:18 [DEBUG   ] wilderness.enemy_gen           — Generating encounter: realm=Flora, team_size=1, level_range=[16, 18], pool=7 champions
2026-04-20 12:47:18 [DEBUG   ] wilderness.enemy_gen           —   Enemy: Trevolt  lv17
2026-04-20 12:47:18 [INFO    ] wilderness.run_manager         — Normal battle: stage=3 realm=Flora enemy=Trevolt Lv17
2026-04-20 12:47:18 [INFO    ] battle_engine                  — Team battle start: player[Glacyn Lv20, Sonari Lv18, Eldrune Lv14] vs ai[Trevolt Lv17]
2026-04-20 12:47:22 [DEBUG   ] battle_engine                  — Trevolt → Glacyn | Vine Whip | dmg=17 | type=×0.5 | Glacyn HP: 71/187
2026-04-20 12:47:22 [DEBUG   ] battle_engine                  — Glacyn → Trevolt | Frost Mote | dmg=40 | type=×1.0 | Trevolt HP: 70/110
2026-04-20 12:47:23 [DEBUG   ] battle_engine                  — Trevolt → Glacyn | Vine Whip | dmg=18 | type=×0.5 | Glacyn HP: 53/187
2026-04-20 12:47:23 [DEBUG   ] battle_engine                  — Glacyn → Trevolt | Frost Mote | dmg=42 | type=×1.0 | Trevolt HP: 28/110
2026-04-20 12:47:24 [DEBUG   ] battle_engine                  — Trevolt → Glacyn | Vine Whip | dmg=20 | type=×0.5 | Glacyn HP: 33/187
2026-04-20 12:47:24 [DEBUG   ] battle_engine                  — Glacyn → Trevolt | Frost Mote | dmg=28 | type=×1.0 | Trevolt HP: 0/110
2026-04-20 12:47:24 [INFO    ] battle_engine                  — Team battle end: winner=Player | player 3 alive | opponent 0 alive | turns=3
2026-04-20 12:47:25 [INFO    ] wilderness.run_manager         — Normal battle won in 3 turns | perm_coins +3 | party HP: ['33/187', '179/234', '76/152']
2026-04-20 12:47:25 [INFO    ] wilderness.run_manager         — Level-up: Glacyn → Lv21 (max HP 196)
2026-04-20 12:47:25 [INFO    ] wilderness.run_manager         — Level-up: Sonari → Lv19 (max HP 247)
2026-04-20 12:47:25 [INFO    ] wilderness.run_manager         — Level-up: Eldrune → Lv15 (max HP 163)
2026-04-20 12:47:27 [DEBUG   ] wilderness.save_manager        — Account saved: C:\Users\12034\OneDrive\Desktop\Kamikin (Video Game Project)\account.json (active_run=True, total_runs=0)
2026-04-20 12:47:27 [DEBUG   ] wilderness.run_manager         — Autosave: stage=3 node=34 hp=['113/196', '189/247', '82/163']
2026-04-20 12:47:27 [WARNING ] wilderness.save_manager        — save_account: os.replace() denied (attempt 1/5) — file may be locked by OneDrive or antivirus. Retrying in 150ms…
2026-04-20 12:47:27 [DEBUG   ] wilderness.save_manager        — Account saved: C:\Users\12034\OneDrive\Desktop\Kamikin (Video Game Project)\account.json (active_run=True, total_runs=0)
2026-04-20 12:47:27 [DEBUG   ] wilderness.run_manager         — Autosave: stage=3 node=35 hp=['113/196', '189/247', '82/163']
2026-04-20 12:47:27 [DEBUG   ] wilderness.run_manager         — Map node: stage=3 type=battle realm=Flora id=35
2026-04-20 12:47:27 [DEBUG   ] wilderness.enemy_gen           — Generating encounter: realm=Flora, team_size=1, level_range=[17, 19], pool=7 champions
2026-04-20 12:47:27 [DEBUG   ] wilderness.enemy_gen           —   Enemy: Lychbloom  lv19
2026-04-20 12:47:27 [INFO    ] wilderness.run_manager         — Normal battle: stage=3 realm=Flora enemy=Lychbloom Lv19
2026-04-20 12:47:27 [INFO    ] battle_engine                  — Team battle start: player[Glacyn Lv21, Sonari Lv19, Eldrune Lv15] vs ai[Lychbloom Lv19]
2026-04-20 12:47:30 [DEBUG   ] battle_engine                  — Glacyn → Lychbloom | Frost Mote | dmg=67 | type=×2.0 | Lychbloom HP: 153/220
2026-04-20 12:47:30 [DEBUG   ] battle_engine                  — Lychbloom → Glacyn | Soul Strike | dmg=44 | type=×1.0 | Glacyn HP: 69/197
2026-04-20 12:47:30 [DEBUG   ] battle_engine                  — Glacyn → Lychbloom | Frost Mote | dmg=68 | type=×2.0 | Lychbloom HP: 85/220
2026-04-20 12:47:30 [DEBUG   ] battle_engine                  — Lychbloom → Glacyn | Soul Strike | dmg=46 | type=×1.0 | Glacyn HP: 23/197
2026-04-20 12:47:32 [DEBUG   ] battle_engine                  — Glacyn → Lychbloom | Frost Mote | dmg=67 | type=×2.0 | Lychbloom HP: 18/220
2026-04-20 12:47:32 [DEBUG   ] battle_engine                  — Lychbloom → Glacyn | Soul Strike | dmg=23 | type=×1.0 | Glacyn HP: 0/197
2026-04-20 12:47:37 [DEBUG   ] battle_engine                  — Lychbloom → Sonari | Petal Storm | dmg=74 | type=×2.0 | Sonari HP: 115/247
2026-04-20 12:47:37 [DEBUG   ] battle_engine                  — Sonari → Lychbloom | Pixel Punch | dmg=18 | type=×1.0 | Lychbloom HP: 0/220
2026-04-20 12:47:37 [INFO    ] battle_engine                  — Team battle end: winner=Player | player 2 alive | opponent 0 alive | turns=4
2026-04-20 12:47:39 [INFO    ] wilderness.run_manager         — Normal battle won in 4 turns | perm_coins +3 | party HP: ['0/196', '115/247', '82/163']
2026-04-20 12:47:39 [INFO    ] wilderness.run_manager         — Level-up: Sonari → Lv20 (max HP 260)
2026-04-20 12:47:39 [INFO    ] wilderness.run_manager         — Level-up: Eldrune → Lv16 (max HP 174)
2026-04-20 12:47:54 [DEBUG   ] wilderness.save_manager        — Account saved: C:\Users\12034\OneDrive\Desktop\Kamikin (Video Game Project)\account.json (active_run=True, total_runs=0)
2026-04-20 12:47:54 [DEBUG   ] wilderness.run_manager         — Autosave: stage=3 node=35 hp=['0/196', '225/260', '88/174']
2026-04-20 12:47:54 [WARNING ] wilderness.save_manager        — save_account: os.replace() denied (attempt 1/5) — file may be locked by OneDrive or antivirus. Retrying in 150ms…
2026-04-20 12:47:54 [DEBUG   ] wilderness.save_manager        — Account saved: C:\Users\12034\OneDrive\Desktop\Kamikin (Video Game Project)\account.json (active_run=True, total_runs=0)
2026-04-20 12:47:54 [DEBUG   ] wilderness.run_manager         — Autosave: stage=3 node=36 hp=['0/196', '225/260', '88/174']
2026-04-20 12:47:54 [DEBUG   ] wilderness.run_manager         — Map node: stage=3 type=elite realm=Flora id=36
2026-04-20 12:47:54 [DEBUG   ] wilderness.enemy_gen           — Generating encounter: realm=Flora, team_size=4, level_range=[18, 20], pool=7 champions
2026-04-20 12:47:54 [DEBUG   ] wilderness.enemy_gen           —   Enemy: Gravanel  lv20
2026-04-20 12:47:54 [DEBUG   ] wilderness.enemy_gen           —   Enemy: Fernace  lv19
2026-04-20 12:47:54 [DEBUG   ] wilderness.enemy_gen           —   Enemy: Lychbloom  lv18
2026-04-20 12:47:54 [DEBUG   ] wilderness.enemy_gen           —   Enemy: Mokoro  lv20
2026-04-20 12:47:54 [INFO    ] wilderness.run_manager         — Elite battle: stage=3 realm=Flora enemies=[Gravanel Lv20, Fernace Lv19, Lychbloom Lv18, Mokoro Lv20]
2026-04-20 12:47:54 [INFO    ] battle_engine                  — Team battle start: player[Glacyn Lv21, Sonari Lv20, Eldrune Lv16] vs ai[Gravanel Lv20, Fernace Lv19, Lychbloom Lv18, Mokoro Lv20]
2026-04-20 12:48:02 [DEBUG   ] battle_engine                  — Glacyn → Gravanel | Frost Mote | dmg=70 | type=×2.0 | Gravanel HP: 90/160
2026-04-20 12:48:02 [DEBUG   ] battle_engine                  — Gravanel → Glacyn | Vine Whip | dmg=0 | type=×0.5  CRIT | Glacyn HP: 0/197
2026-04-20 12:48:27 [DEBUG   ] battle_engine                  — Gravanel → Sonari | Vine Whip | dmg=99 | type=×2.0 | Sonari HP: 126/260
2026-04-20 12:48:28 [DEBUG   ] battle_engine                  — Gravanel → Sonari | Vine Whip | dmg=109 | type=×2.0 | Sonari HP: 17/260
2026-04-20 12:48:28 [DEBUG   ] battle_engine                  — Sonari → Gravanel | Pixel Punch | dmg=13 | type=×0.5 | Gravanel HP: 77/160
2026-04-20 12:48:30 [DEBUG   ] battle_engine                  — Sonari → Gravanel | Pixel Punch | dmg=12 | type=×0.5 | Gravanel HP: 65/160
2026-04-20 12:48:30 [DEBUG   ] battle_engine                  — Gravanel → Sonari | Vine Whip | dmg=17 | type=×2.0 | Sonari HP: 0/260
2026-04-20 12:48:33 [DEBUG   ] battle_engine                  — Eldrune → Gravanel | Legend Whisper | dmg=20 | type=×1.0 | Gravanel HP: 45/160
2026-04-20 12:48:33 [DEBUG   ] battle_engine                  — Gravanel → Eldrune | Vine Whip | dmg=81 | type=×1.0 | Eldrune HP: 7/173
2026-04-20 12:48:34 [DEBUG   ] battle_engine                  — Eldrune → Gravanel | Legend Whisper | dmg=20 | type=×1.0 | Gravanel HP: 25/160
2026-04-20 12:48:34 [DEBUG   ] battle_engine                  — Gravanel → Eldrune | Vine Whip | dmg=7 | type=×1.0 | Eldrune HP: 0/173
2026-04-20 12:48:34 [INFO    ] battle_engine                  — Team battle end: winner=Opponent | player 0 alive | opponent 4 alive | turns=7
2026-04-20 12:48:37 [INFO    ] wilderness.run_manager         — Elite battle lost | party HP: ['0/196', '0/260', '0/174']
2026-04-20 12:48:37 [DEBUG   ] wilderness.save_manager        — Account saved: C:\Users\12034\OneDrive\Desktop\Kamikin (Video Game Project)\account.json (active_run=True, total_runs=0)
2026-04-20 12:48:37 [DEBUG   ] wilderness.run_manager         — Autosave: stage=3 node=36 hp=['0/196', '0/260', '0/174']
2026-04-20 12:48:37 [INFO    ] wilderness.run_manager         — Run ended: stages_won=2 defeated=True currency=59 party=[Glacyn Lv21 0/196HP, Sonari Lv20 0/260HP, Eldrune Lv16 0/174HP]
2026-04-20 12:48:37 [INFO    ] wilderness.run_manager         — Perm currency awarded: +38 → total 38
2026-04-20 12:48:37 [DEBUG   ] wilderness.save_manager        — Account saved: C:\Users\12034\OneDrive\Desktop\Kamikin (Video Game Project)\account.json (active_run=False, total_runs=1)
2026-04-20 12:48:37 [DEBUG   ] wilderness.save_manager        — Account loaded: C:\Users\12034\OneDrive\Desktop\Kamikin (Video Game Project)\account.json (runs=1 best_stage=2 active_run=False)
2026-04-20 12:51:04 [INFO    ] __main__                       — Session interrupted by player (Ctrl-C)
2026-04-20 12:51:04 [INFO    ] __main__                       — Kamikin Wilderness Mode exiting normally
